[2024-12-05 00:11:39] INFO - train: Starting training process...
[2024-12-05 00:11:39] INFO - train: Loading configurations...
[2024-12-05 00:11:40] INFO - train: Using device: cuda
[2024-12-05 00:11:40] INFO - train: Creating data loaders...
[2024-12-05 00:12:22] INFO - train: Setting up models and trainer...
[2024-12-05 00:12:22] INFO - train: Initializing distillation training...
[2024-12-05 00:12:25] INFO - train: Starting training...
[2024-12-05 00:13:50] ERROR - train: An error occurred: cross_entropy_loss(): argument 'target' (position 2) must be Tensor, not NoneType
Traceback (most recent call last):
  File "/nas2/jieui/class/deepnlp/project/scripts/train.py", line 97, in main
    trainer.train()
  File "/nas2/jieui/class/deepnlp/project/src/trainers/base_trainer.py", line 87, in train
    eval_metrics = self.evaluate()
  File "/nas2/jieui/class/deepnlp/project/src/trainers/distillation_trainer.py", line 215, in evaluate
    qa_loss = (self.qa_loss_fct(outputs['start_logits'], start_positions) +
  File "/nas2/jieui/class/deepnlp/deepja/lib/python3.10/site-packages/torch/nn/modules/module.py", line 1501, in _call_impl
    return forward_call(*args, **kwargs)
  File "/nas2/jieui/class/deepnlp/deepja/lib/python3.10/site-packages/torch/nn/modules/loss.py", line 1174, in forward
    return F.cross_entropy(input, target, weight=self.weight,
  File "/nas2/jieui/class/deepnlp/deepja/lib/python3.10/site-packages/torch/nn/functional.py", line 3029, in cross_entropy
    return torch._C._nn.cross_entropy_loss(input, target, weight, _Reduction.get_enum(reduction), ignore_index, label_smoothing)
TypeError: cross_entropy_loss(): argument 'target' (position 2) must be Tensor, not NoneType
