[2024-12-04 17:46:19] INFO - train: Starting training process...
[2024-12-04 17:46:19] INFO - train: Loading configurations...
[2024-12-04 17:46:19] INFO - train: Using device: cuda
[2024-12-04 17:46:19] INFO - train: Creating data loaders...
[2024-12-04 17:46:59] INFO - train: Setting up models and trainer...
[2024-12-04 17:46:59] INFO - train: Initializing distillation training...
[2024-12-04 17:47:03] INFO - train: Starting training...
[2024-12-04 17:47:04] ERROR - train: An error occurred: DistilBertModel.forward() got an unexpected keyword argument 'token_type_ids'
Traceback (most recent call last):
  File "/nas2/jieui/class/deepnlp/project/scripts/train.py", line 97, in main
    trainer.train()
  File "/nas2/jieui/class/deepnlp/project/src/trainers/base_trainer.py", line 74, in train
    loss = self._training_step(batch)
  File "/nas2/jieui/class/deepnlp/project/src/trainers/distillation_trainer.py", line 71, in _training_step
    student_outputs = self.model(
  File "/nas2/jieui/class/deepnlp/deepja/lib/python3.10/site-packages/torch/nn/modules/module.py", line 1501, in _call_impl
    return forward_call(*args, **kwargs)
  File "/nas2/jieui/class/deepnlp/project/src/models/base_model.py", line 37, in forward
    outputs = self.base_model(
  File "/nas2/jieui/class/deepnlp/deepja/lib/python3.10/site-packages/torch/nn/modules/module.py", line 1501, in _call_impl
    return forward_call(*args, **kwargs)
TypeError: DistilBertModel.forward() got an unexpected keyword argument 'token_type_ids'
